<!DOCTYPE html PUBLIC "-//W3C//DTD XHTML 1.1//EN" "http://www.w3.org/TR/xhtml11/DTD/xhtml11.dtd">
<html xmlns="http://www.w3.org/1999/xhtml"><head><title>TestNG Report</title><style type="text/css">table {margin-bottom:10px;border-collapse:collapse;empty-cells:show}th,td {border:1px solid #009;padding:.25em .5em}th {vertical-align:bottom}td {vertical-align:top}table a {font-weight:bold}.stripe td {background-color: #E6EBF9}.num {text-align:right}.passedodd td {background-color: #3F3}.passedeven td {background-color: #0A0}.skippedodd td {background-color: #DDD}.skippedeven td {background-color: #CCC}.failedodd td,.attn {background-color: #F33}.failedeven td,.stripe .attn {background-color: #D00}.stacktrace {white-space:pre;font-family:monospace}.totop {font-size:85%;text-align:center;border-bottom:2px solid #000}</style></head><body><table><tr><th>Test</th><th># Passed</th><th># Skipped</th><th># Failed</th><th>Time (ms)</th><th>Included Groups</th><th>Excluded Groups</th></tr><tr><th colspan="7">用户管理系统测试套件</th></tr><tr><td><a href="#t0">用户管理系统测试用例</a></td><td class="num">4</td><td class="num">0</td><td class="num attn">3</td><td class="num">23,358</td><td></td><td></td></tr></table><table><thead><tr><th>Class</th><th>Method</th><th>Start</th><th>Time (ms)</th></tr></thead><tbody><tr><th colspan="4">用户管理系统测试套件</th></tr></tbody><tbody id="t0"><tr><th colspan="4">用户管理系统测试用例 &#8212; failed</th></tr><tr class="failedeven"><td rowspan="1">com.course.cases.AddUserTest</td><td><a href="#m0">addUser</a></td><td rowspan="1">1557803045582</td><td rowspan="1">185</td></tr><tr class="failedodd"><td rowspan="1">com.course.cases.GetUserInfoTest</td><td><a href="#m1">getUserInfo</a></td><td rowspan="1">1557803045771</td><td rowspan="1">161</td></tr><tr class="failedeven"><td rowspan="1">com.course.cases.GetUserListTest</td><td><a href="#m2">getUserList</a></td><td rowspan="1">1557803045933</td><td rowspan="1">363</td></tr><tr><th colspan="4">用户管理系统测试用例 &#8212; passed</th></tr><tr class="passedeven"><td rowspan="2">com.course.cases.LoginTest</td><td><a href="#m3">loginFalse</a></td><td rowspan="1">1557803045454</td><td rowspan="1">117</td></tr><tr class="passedeven"><td><a href="#m4">loginTrue</a></td><td rowspan="1">1557803044044</td><td rowspan="1">1408</td></tr><tr class="passedodd"><td rowspan="2">com.course.cases.UpdateUserInfoTest</td><td><a href="#m5">deleteUserInfo</a></td><td rowspan="1">1557803056424</td><td rowspan="1">10356</td></tr><tr class="passedodd"><td><a href="#m6">updateUserInfo</a></td><td rowspan="1">1557803046298</td><td rowspan="1">10125</td></tr></tbody></table><h2>用户管理系统测试用例</h2><h3 id="m0">com.course.cases.AddUserTest#addUser</h3><table class="result"><tr><th>Exception</th></tr><tr><td><div class="stacktrace">org.apache.ibatis.exceptions.TooManyResultsException: Expected one result (or null) to be returned by selectOne(), but found: 42
	at org.apache.ibatis.session.defaults.DefaultSqlSession.selectOne(DefaultSqlSession.java:81)
	at com.course.cases.AddUserTest.addUser(AddUserTest.java:35)
	at com.course.RunTestNGXml.main(RunTestNGXml.java:14)
... Removed 22 stack frames</div></td></tr></table><p class="totop"><a href="#summary">back to summary</a></p><h3 id="m1">com.course.cases.GetUserInfoTest#getUserInfo</h3><table class="result"><tr><th>Exception</th></tr><tr><td><div class="stacktrace">java.lang.AssertionError: expected [{&quot;age&quot;:21,&quot;gender&quot;:&quot;female&quot;,&quot;id&quot;:2,&quot;isDelete&quot;:1,&quot;password&quot;:&quot;111111&quot;,&quot;permission&quot;:1,&quot;userName&quot;:&quot;luffy&quot;}] but found [&quot;[{\&quot;id\&quot;:2,\&quot;userName\&quot;:\&quot;luffy\&quot;,\&quot;password\&quot;:\&quot;111111\&quot;,\&quot;gender\&quot;:\&quot;female\&quot;,\&quot;age\&quot;:21,\&quot;permission\&quot;:1,\&quot;isDelete\&quot;:1}]&quot;]
	at com.course.cases.GetUserInfoTest.getUserInfo(GetUserInfoTest.java:45)
	at com.course.RunTestNGXml.main(RunTestNGXml.java:14)
... Removed 28 stack frames</div></td></tr></table><p class="totop"><a href="#summary">back to summary</a></p><h3 id="m2">com.course.cases.GetUserListTest#getUserList</h3><table class="result"><tr><th>Exception</th></tr><tr><td><div class="stacktrace">java.lang.AssertionError: expected [1] but found [47]
	at com.course.cases.GetUserListTest.getUserList(GetUserListTest.java:46)
	at com.course.RunTestNGXml.main(RunTestNGXml.java:14)
... Removed 28 stack frames</div></td></tr></table><p class="totop"><a href="#summary">back to summary</a></p><h3 id="m3">com.course.cases.LoginTest#loginFalse</h3><table class="result"></table><p class="totop"><a href="#summary">back to summary</a></p><h3 id="m4">com.course.cases.LoginTest#loginTrue</h3><table class="result"></table><p class="totop"><a href="#summary">back to summary</a></p><h3 id="m5">com.course.cases.UpdateUserInfoTest#deleteUserInfo</h3><table class="result"></table><p class="totop"><a href="#summary">back to summary</a></p><h3 id="m6">com.course.cases.UpdateUserInfoTest#updateUserInfo</h3><table class="result"></table><p class="totop"><a href="#summary">back to summary</a></p></body></html>